[0m14:23:53.628462 [debug] [MainThread]: Sending event: {'category': 'dbt', 'action': 'invocation', 'label': 'start', 'context': [<snowplow_tracker.self_describing_json.SelfDescribingJson object at 0x0000022ECC9D6540>, <snowplow_tracker.self_describing_json.SelfDescribingJson object at 0x0000022ECFBF7020>, <snowplow_tracker.self_describing_json.SelfDescribingJson object at 0x0000022ECF62EF90>]}


============================== 14:23:53.664379 | b412fa6c-2fd7-45d6-bf16-7698b9e65210 ==============================
[0m14:23:53.664379 [info ] [MainThread]: Running with dbt=1.11.7
[0m14:23:53.664379 [debug] [MainThread]: running dbt with arguments {'version_check': 'True', 'no_print': 'None', 'static_parser': 'True', 'target_path': 'None', 'warn_error_options': 'WarnErrorOptionsV2(error=[], warn=[], silence=[])', 'printer_width': '80', 'write_json': 'True', 'empty': 'None', 'log_cache_events': 'False', 'introspect': 'True', 'cache_selected_only': 'False', 'log_format': 'default', 'debug': 'False', 'fail_fast': 'False', 'profiles_dir': 'C:\\Users\\Siris\\.dbt', 'send_anonymous_usage_stats': 'True', 'quiet': 'False', 'warn_error': 'None', 'partial_parse': 'True', 'indirect_selection': 'eager', 'invocation_command': 'dbt init nyc_etl_dbt', 'use_colors': 'True', 'use_experimental_parser': 'False', 'log_path': 'logs'}
[0m14:23:53.705911 [debug] [MainThread]: Starter project path: C:\Users\Siris\AppData\Local\Programs\Python\Python312\Lib\site-packages\dbt\include\starter_project
[0m14:23:53.741153 [info ] [MainThread]: 
Your new dbt project "nyc_etl_dbt" was created!

For more information on how to configure the profiles.yml file,
please consult the dbt documentation here:

  https://docs.getdbt.com/docs/configure-your-profile

One more thing:

Need help? Don't hesitate to reach out to us via GitHub issues or on Slack:

  https://community.getdbt.com/

Happy modeling!

[0m14:23:53.743194 [info ] [MainThread]: Setting up your profile.
[0m14:27:51.451501 [debug] [MainThread]: Snowflake adapter: Setting snowflake.connector to ERROR (file logging only)
[0m14:27:51.451501 [debug] [MainThread]: Snowflake adapter: Setting botocore to ERROR (file logging only)
[0m14:27:51.451501 [debug] [MainThread]: Snowflake adapter: Setting boto3 to ERROR (file logging only)
[0m14:31:33.173812 [info ] [MainThread]: Profile nyc_etl_dbt written to C:\Users\Siris\.dbt\profiles.yml using target's profile_template.yml and your supplied values. Run 'dbt debug' to validate the connection.
[0m14:31:33.173812 [debug] [MainThread]: Command `dbt init` succeeded at 14:31:33.173812 after 459.82 seconds
[0m14:31:33.180501 [debug] [MainThread]: Sending event: {'category': 'dbt', 'action': 'invocation', 'label': 'end', 'context': [<snowplow_tracker.self_describing_json.SelfDescribingJson object at 0x0000022ECCF4BB60>, <snowplow_tracker.self_describing_json.SelfDescribingJson object at 0x0000022EE1CB14F0>, <snowplow_tracker.self_describing_json.SelfDescribingJson object at 0x0000022EDF70B170>]}
[0m14:31:33.180501 [debug] [MainThread]: Flushing usage events
[0m14:31:34.316315 [debug] [MainThread]: An error was encountered while trying to flush usage events
